[debug] [2023-11-17T16:12:27.878Z] ----------------------------------------------------------------------
[debug] [2023-11-17T16:12:27.880Z] Command:       C:\Program Files\nodejs\node.exe C:\Users\rymnd\AppData\Roaming\npm\node_modules\firebase-tools\lib\bin\firebase.js init
[debug] [2023-11-17T16:12:27.881Z] CLI Version:   12.9.1
[debug] [2023-11-17T16:12:27.881Z] Platform:      win32
[debug] [2023-11-17T16:12:27.882Z] Node Version:  v18.17.1
[debug] [2023-11-17T16:12:27.882Z] Time:          Sat Nov 18 2023 00:12:27 GMT+0800 (Philippine Standard Time)
[debug] [2023-11-17T16:12:27.882Z] ----------------------------------------------------------------------
[debug] 
[debug] [2023-11-17T16:12:27.982Z] > command requires scopes: ["email","openid","https://www.googleapis.com/auth/cloudplatformprojects.readonly","https://www.googleapis.com/auth/firebase","https://www.googleapis.com/auth/cloud-platform"]
[debug] [2023-11-17T16:12:27.983Z] > authorizing via signed-in user (raymundregalado8@gmail.com)
[info] 
     ######## #### ########  ######## ########     ###     ######  ########
     ##        ##  ##     ## ##       ##     ##  ##   ##  ##       ##
     ######    ##  ########  ######   ########  #########  ######  ######
     ##        ##  ##    ##  ##       ##     ## ##     ##       ## ##
     ##       #### ##     ## ######## ########  ##     ##  ######  ########

You're about to initialize a Firebase project in this directory:

  E:\WEB DEV\ANGULAR\jobSearch\myapp

Before we get started, keep in mind:

  * You are initializing within an existing Firebase project directory

[info] 
=== Project Setup
[info] 
[info] First, let's associate this project directory with a Firebase project.
[info] You can create multiple project aliases by running firebase use --add, 
[info] but for now we'll just set up a default project.
[info] 
[debug] [2023-11-17T16:12:32.318Z] Using project from CLI flag: job-search-3ee65
[debug] [2023-11-17T16:12:32.323Z] >>> [apiv2][query] GET https://firebase.googleapis.com/v1beta1/projects/job-search-3ee65 [none]
[debug] [2023-11-17T16:12:33.073Z] <<< [apiv2][status] GET https://firebase.googleapis.com/v1beta1/projects/job-search-3ee65 200
[debug] [2023-11-17T16:12:33.073Z] <<< [apiv2][body] GET https://firebase.googleapis.com/v1beta1/projects/job-search-3ee65 {"projectId":"job-search-3ee65","projectNumber":"505056586323","displayName":"job-search","name":"projects/job-search-3ee65","resources":{"hostingSite":"job-search-3ee65"},"state":"ACTIVE","etag":"1_ed8d9270-a1af-402f-8cb2-53afd70e51a7"}
[info] i  Using project job-search-3ee65 (job-search) 
[info] 
=== Hosting Setup
[debug] [2023-11-17T16:12:33.079Z] >>> [apiv2][query] GET https://firebase.googleapis.com/v1beta1/projects/job-search-3ee65 [none]
[debug] [2023-11-17T16:12:33.436Z] <<< [apiv2][status] GET https://firebase.googleapis.com/v1beta1/projects/job-search-3ee65 200
[debug] [2023-11-17T16:12:33.436Z] <<< [apiv2][body] GET https://firebase.googleapis.com/v1beta1/projects/job-search-3ee65 {"projectId":"job-search-3ee65","projectNumber":"505056586323","displayName":"job-search","name":"projects/job-search-3ee65","resources":{"hostingSite":"job-search-3ee65"},"state":"ACTIVE","etag":"1_ed8d9270-a1af-402f-8cb2-53afd70e51a7"}
[info] 
[info] Your public directory is the folder (relative to your project directory) that
[info] will contain Hosting assets to be uploaded with firebase deploy. If you
[info] have a build process for your assets, use your build's output directory.
[info] 
